running egg_info
creating ../../build/mirte_statemachine/mirte_statemachine.egg-info
writing ../../build/mirte_statemachine/mirte_statemachine.egg-info/PKG-INFO
writing dependency_links to ../../build/mirte_statemachine/mirte_statemachine.egg-info/dependency_links.txt
writing entry points to ../../build/mirte_statemachine/mirte_statemachine.egg-info/entry_points.txt
writing requirements to ../../build/mirte_statemachine/mirte_statemachine.egg-info/requires.txt
writing top-level names to ../../build/mirte_statemachine/mirte_statemachine.egg-info/top_level.txt
writing manifest file '../../build/mirte_statemachine/mirte_statemachine.egg-info/SOURCES.txt'
reading manifest file '../../build/mirte_statemachine/mirte_statemachine.egg-info/SOURCES.txt'
writing manifest file '../../build/mirte_statemachine/mirte_statemachine.egg-info/SOURCES.txt'
running build
running build_py
creating /home/mirte/Spatial-AI-group-1/workspaces/mirte_ws/build/mirte_statemachine/build
creating /home/mirte/Spatial-AI-group-1/workspaces/mirte_ws/build/mirte_statemachine/build/lib
creating /home/mirte/Spatial-AI-group-1/workspaces/mirte_ws/build/mirte_statemachine/build/lib/mirte_statemachine
copying mirte_statemachine/StateMachine.py -> /home/mirte/Spatial-AI-group-1/workspaces/mirte_ws/build/mirte_statemachine/build/lib/mirte_statemachine
copying mirte_statemachine/__init__.py -> /home/mirte/Spatial-AI-group-1/workspaces/mirte_ws/build/mirte_statemachine/build/lib/mirte_statemachine
running install
running install_lib
creating /home/mirte/Spatial-AI-group-1/workspaces/mirte_ws/install/mirte_statemachine/lib/python3.10/site-packages/mirte_statemachine
copying /home/mirte/Spatial-AI-group-1/workspaces/mirte_ws/build/mirte_statemachine/build/lib/mirte_statemachine/StateMachine.py -> /home/mirte/Spatial-AI-group-1/workspaces/mirte_ws/install/mirte_statemachine/lib/python3.10/site-packages/mirte_statemachine
copying /home/mirte/Spatial-AI-group-1/workspaces/mirte_ws/build/mirte_statemachine/build/lib/mirte_statemachine/__init__.py -> /home/mirte/Spatial-AI-group-1/workspaces/mirte_ws/install/mirte_statemachine/lib/python3.10/site-packages/mirte_statemachine
byte-compiling /home/mirte/Spatial-AI-group-1/workspaces/mirte_ws/install/mirte_statemachine/lib/python3.10/site-packages/mirte_statemachine/StateMachine.py to StateMachine.cpython-310.pyc
byte-compiling /home/mirte/Spatial-AI-group-1/workspaces/mirte_ws/install/mirte_statemachine/lib/python3.10/site-packages/mirte_statemachine/__init__.py to __init__.cpython-310.pyc
running install_data
creating /home/mirte/Spatial-AI-group-1/workspaces/mirte_ws/install/mirte_statemachine/share/ament_index
creating /home/mirte/Spatial-AI-group-1/workspaces/mirte_ws/install/mirte_statemachine/share/ament_index/resource_index
creating /home/mirte/Spatial-AI-group-1/workspaces/mirte_ws/install/mirte_statemachine/share/ament_index/resource_index/packages
copying resource/mirte_statemachine -> /home/mirte/Spatial-AI-group-1/workspaces/mirte_ws/install/mirte_statemachine/share/ament_index/resource_index/packages
copying package.xml -> /home/mirte/Spatial-AI-group-1/workspaces/mirte_ws/install/mirte_statemachine/share/mirte_statemachine
running install_egg_info
Copying ../../build/mirte_statemachine/mirte_statemachine.egg-info to /home/mirte/Spatial-AI-group-1/workspaces/mirte_ws/install/mirte_statemachine/lib/python3.10/site-packages/mirte_statemachine-0.0.0-py3.10.egg-info
running install_scripts
Installing StateManager script to /home/mirte/Spatial-AI-group-1/workspaces/mirte_ws/install/mirte_statemachine/lib/mirte_statemachine
writing list of installed files to '/home/mirte/Spatial-AI-group-1/workspaces/mirte_ws/build/mirte_statemachine/install.log'
