running egg_info
creating ../../build/mirte_navigation/mirte_navigation.egg-info
writing ../../build/mirte_navigation/mirte_navigation.egg-info/PKG-INFO
writing dependency_links to ../../build/mirte_navigation/mirte_navigation.egg-info/dependency_links.txt
writing entry points to ../../build/mirte_navigation/mirte_navigation.egg-info/entry_points.txt
writing requirements to ../../build/mirte_navigation/mirte_navigation.egg-info/requires.txt
writing top-level names to ../../build/mirte_navigation/mirte_navigation.egg-info/top_level.txt
writing manifest file '../../build/mirte_navigation/mirte_navigation.egg-info/SOURCES.txt'
reading manifest file '../../build/mirte_navigation/mirte_navigation.egg-info/SOURCES.txt'
writing manifest file '../../build/mirte_navigation/mirte_navigation.egg-info/SOURCES.txt'
running build
running build_py
creating /home/mirte/Spatial-AI-group-1/workspaces/mirte_ws/build/mirte_navigation/build
creating /home/mirte/Spatial-AI-group-1/workspaces/mirte_ws/build/mirte_navigation/build/lib
creating /home/mirte/Spatial-AI-group-1/workspaces/mirte_ws/build/mirte_navigation/build/lib/mirte_navigation
copying mirte_navigation/OrientationController.py -> /home/mirte/Spatial-AI-group-1/workspaces/mirte_ws/build/mirte_navigation/build/lib/mirte_navigation
copying mirte_navigation/__init__.py -> /home/mirte/Spatial-AI-group-1/workspaces/mirte_ws/build/mirte_navigation/build/lib/mirte_navigation
copying mirte_navigation/CrabWalk.py -> /home/mirte/Spatial-AI-group-1/workspaces/mirte_ws/build/mirte_navigation/build/lib/mirte_navigation
copying mirte_navigation/WhiteBoardTracker.py -> /home/mirte/Spatial-AI-group-1/workspaces/mirte_ws/build/mirte_navigation/build/lib/mirte_navigation
running install
running install_lib
creating /home/mirte/Spatial-AI-group-1/workspaces/mirte_ws/install/mirte_navigation/lib/python3.10/site-packages/mirte_navigation
copying /home/mirte/Spatial-AI-group-1/workspaces/mirte_ws/build/mirte_navigation/build/lib/mirte_navigation/OrientationController.py -> /home/mirte/Spatial-AI-group-1/workspaces/mirte_ws/install/mirte_navigation/lib/python3.10/site-packages/mirte_navigation
copying /home/mirte/Spatial-AI-group-1/workspaces/mirte_ws/build/mirte_navigation/build/lib/mirte_navigation/__init__.py -> /home/mirte/Spatial-AI-group-1/workspaces/mirte_ws/install/mirte_navigation/lib/python3.10/site-packages/mirte_navigation
copying /home/mirte/Spatial-AI-group-1/workspaces/mirte_ws/build/mirte_navigation/build/lib/mirte_navigation/CrabWalk.py -> /home/mirte/Spatial-AI-group-1/workspaces/mirte_ws/install/mirte_navigation/lib/python3.10/site-packages/mirte_navigation
copying /home/mirte/Spatial-AI-group-1/workspaces/mirte_ws/build/mirte_navigation/build/lib/mirte_navigation/WhiteBoardTracker.py -> /home/mirte/Spatial-AI-group-1/workspaces/mirte_ws/install/mirte_navigation/lib/python3.10/site-packages/mirte_navigation
byte-compiling /home/mirte/Spatial-AI-group-1/workspaces/mirte_ws/install/mirte_navigation/lib/python3.10/site-packages/mirte_navigation/OrientationController.py to OrientationController.cpython-310.pyc
byte-compiling /home/mirte/Spatial-AI-group-1/workspaces/mirte_ws/install/mirte_navigation/lib/python3.10/site-packages/mirte_navigation/__init__.py to __init__.cpython-310.pyc
byte-compiling /home/mirte/Spatial-AI-group-1/workspaces/mirte_ws/install/mirte_navigation/lib/python3.10/site-packages/mirte_navigation/CrabWalk.py to CrabWalk.cpython-310.pyc
byte-compiling /home/mirte/Spatial-AI-group-1/workspaces/mirte_ws/install/mirte_navigation/lib/python3.10/site-packages/mirte_navigation/WhiteBoardTracker.py to WhiteBoardTracker.cpython-310.pyc
running install_data
creating /home/mirte/Spatial-AI-group-1/workspaces/mirte_ws/install/mirte_navigation/share/ament_index
creating /home/mirte/Spatial-AI-group-1/workspaces/mirte_ws/install/mirte_navigation/share/ament_index/resource_index
creating /home/mirte/Spatial-AI-group-1/workspaces/mirte_ws/install/mirte_navigation/share/ament_index/resource_index/packages
copying resource/mirte_navigation -> /home/mirte/Spatial-AI-group-1/workspaces/mirte_ws/install/mirte_navigation/share/ament_index/resource_index/packages
copying package.xml -> /home/mirte/Spatial-AI-group-1/workspaces/mirte_ws/install/mirte_navigation/share/mirte_navigation
creating /home/mirte/Spatial-AI-group-1/workspaces/mirte_ws/install/mirte_navigation/share/mirte_navigation/launch
copying launch/startup.launch.py -> /home/mirte/Spatial-AI-group-1/workspaces/mirte_ws/install/mirte_navigation/share/mirte_navigation/launch
running install_egg_info
Copying ../../build/mirte_navigation/mirte_navigation.egg-info to /home/mirte/Spatial-AI-group-1/workspaces/mirte_ws/install/mirte_navigation/lib/python3.10/site-packages/mirte_navigation-0.0.0-py3.10.egg-info
running install_scripts
Installing CrabWalk script to /home/mirte/Spatial-AI-group-1/workspaces/mirte_ws/install/mirte_navigation/lib/mirte_navigation
Installing OrientationController script to /home/mirte/Spatial-AI-group-1/workspaces/mirte_ws/install/mirte_navigation/lib/mirte_navigation
Installing WhiteBoardTracker script to /home/mirte/Spatial-AI-group-1/workspaces/mirte_ws/install/mirte_navigation/lib/mirte_navigation
writing list of installed files to '/home/mirte/Spatial-AI-group-1/workspaces/mirte_ws/build/mirte_navigation/install.log'
