/home/mirte/Spatial-AI-group-1/workspaces/mirte_ws/install/mirte_perception/lib/python3.10/site-packages/mirte_perception/ArucoDetection.py
/home/mirte/Spatial-AI-group-1/workspaces/mirte_ws/install/mirte_perception/lib/python3.10/site-packages/mirte_perception/__init__.py
/home/mirte/Spatial-AI-group-1/workspaces/mirte_ws/install/mirte_perception/lib/python3.10/site-packages/mirte_perception/ObjectDetection.py
/home/mirte/Spatial-AI-group-1/workspaces/mirte_ws/install/mirte_perception/lib/python3.10/site-packages/mirte_perception/ArucoDetectionSand.py
/home/mirte/Spatial-AI-group-1/workspaces/mirte_ws/install/mirte_perception/lib/python3.10/site-packages/mirte_perception/TextDetection.py
/home/mirte/Spatial-AI-group-1/workspaces/mirte_ws/install/mirte_perception/lib/python3.10/site-packages/mirte_perception/__pycache__/ArucoDetection.cpython-310.pyc
/home/mirte/Spatial-AI-group-1/workspaces/mirte_ws/install/mirte_perception/lib/python3.10/site-packages/mirte_perception/__pycache__/__init__.cpython-310.pyc
/home/mirte/Spatial-AI-group-1/workspaces/mirte_ws/install/mirte_perception/lib/python3.10/site-packages/mirte_perception/__pycache__/ObjectDetection.cpython-310.pyc
/home/mirte/Spatial-AI-group-1/workspaces/mirte_ws/install/mirte_perception/lib/python3.10/site-packages/mirte_perception/__pycache__/ArucoDetectionSand.cpython-310.pyc
/home/mirte/Spatial-AI-group-1/workspaces/mirte_ws/install/mirte_perception/lib/python3.10/site-packages/mirte_perception/__pycache__/TextDetection.cpython-310.pyc
/home/mirte/Spatial-AI-group-1/workspaces/mirte_ws/install/mirte_perception/share/ament_index/resource_index/packages/mirte_perception
/home/mirte/Spatial-AI-group-1/workspaces/mirte_ws/install/mirte_perception/share/mirte_perception/package.xml
/home/mirte/Spatial-AI-group-1/workspaces/mirte_ws/install/mirte_perception/lib/python3.10/site-packages/mirte_perception-0.0.0-py3.10.egg-info/PKG-INFO
/home/mirte/Spatial-AI-group-1/workspaces/mirte_ws/install/mirte_perception/lib/python3.10/site-packages/mirte_perception-0.0.0-py3.10.egg-info/SOURCES.txt
/home/mirte/Spatial-AI-group-1/workspaces/mirte_ws/install/mirte_perception/lib/python3.10/site-packages/mirte_perception-0.0.0-py3.10.egg-info/zip-safe
/home/mirte/Spatial-AI-group-1/workspaces/mirte_ws/install/mirte_perception/lib/python3.10/site-packages/mirte_perception-0.0.0-py3.10.egg-info/dependency_links.txt
/home/mirte/Spatial-AI-group-1/workspaces/mirte_ws/install/mirte_perception/lib/python3.10/site-packages/mirte_perception-0.0.0-py3.10.egg-info/top_level.txt
/home/mirte/Spatial-AI-group-1/workspaces/mirte_ws/install/mirte_perception/lib/python3.10/site-packages/mirte_perception-0.0.0-py3.10.egg-info/entry_points.txt
/home/mirte/Spatial-AI-group-1/workspaces/mirte_ws/install/mirte_perception/lib/python3.10/site-packages/mirte_perception-0.0.0-py3.10.egg-info/requires.txt
/home/mirte/Spatial-AI-group-1/workspaces/mirte_ws/install/mirte_perception/lib/mirte_perception/ArucoDetectionSand
/home/mirte/Spatial-AI-group-1/workspaces/mirte_ws/install/mirte_perception/lib/mirte_perception/ArucoDetector
/home/mirte/Spatial-AI-group-1/workspaces/mirte_ws/install/mirte_perception/lib/mirte_perception/GoalGenerator
/home/mirte/Spatial-AI-group-1/workspaces/mirte_ws/install/mirte_perception/lib/mirte_perception/TextDetector
