/home/mirte/Spatial-AI-group-1/workspaces/mirte_ws/install/mirte_navigation/lib/python3.10/site-packages/mirte_navigation/OrientationController.py
/home/mirte/Spatial-AI-group-1/workspaces/mirte_ws/install/mirte_navigation/lib/python3.10/site-packages/mirte_navigation/__init__.py
/home/mirte/Spatial-AI-group-1/workspaces/mirte_ws/install/mirte_navigation/lib/python3.10/site-packages/mirte_navigation/CrabWalk.py
/home/mirte/Spatial-AI-group-1/workspaces/mirte_ws/install/mirte_navigation/lib/python3.10/site-packages/mirte_navigation/WhiteBoardTracker.py
/home/mirte/Spatial-AI-group-1/workspaces/mirte_ws/install/mirte_navigation/lib/python3.10/site-packages/mirte_navigation/__pycache__/OrientationController.cpython-310.pyc
/home/mirte/Spatial-AI-group-1/workspaces/mirte_ws/install/mirte_navigation/lib/python3.10/site-packages/mirte_navigation/__pycache__/__init__.cpython-310.pyc
/home/mirte/Spatial-AI-group-1/workspaces/mirte_ws/install/mirte_navigation/lib/python3.10/site-packages/mirte_navigation/__pycache__/CrabWalk.cpython-310.pyc
/home/mirte/Spatial-AI-group-1/workspaces/mirte_ws/install/mirte_navigation/lib/python3.10/site-packages/mirte_navigation/__pycache__/WhiteBoardTracker.cpython-310.pyc
/home/mirte/Spatial-AI-group-1/workspaces/mirte_ws/install/mirte_navigation/share/ament_index/resource_index/packages/mirte_navigation
/home/mirte/Spatial-AI-group-1/workspaces/mirte_ws/install/mirte_navigation/share/mirte_navigation/package.xml
/home/mirte/Spatial-AI-group-1/workspaces/mirte_ws/install/mirte_navigation/share/mirte_navigation/launch/startup.launch.py
/home/mirte/Spatial-AI-group-1/workspaces/mirte_ws/install/mirte_navigation/lib/python3.10/site-packages/mirte_navigation-0.0.0-py3.10.egg-info/PKG-INFO
/home/mirte/Spatial-AI-group-1/workspaces/mirte_ws/install/mirte_navigation/lib/python3.10/site-packages/mirte_navigation-0.0.0-py3.10.egg-info/SOURCES.txt
/home/mirte/Spatial-AI-group-1/workspaces/mirte_ws/install/mirte_navigation/lib/python3.10/site-packages/mirte_navigation-0.0.0-py3.10.egg-info/zip-safe
/home/mirte/Spatial-AI-group-1/workspaces/mirte_ws/install/mirte_navigation/lib/python3.10/site-packages/mirte_navigation-0.0.0-py3.10.egg-info/dependency_links.txt
/home/mirte/Spatial-AI-group-1/workspaces/mirte_ws/install/mirte_navigation/lib/python3.10/site-packages/mirte_navigation-0.0.0-py3.10.egg-info/top_level.txt
/home/mirte/Spatial-AI-group-1/workspaces/mirte_ws/install/mirte_navigation/lib/python3.10/site-packages/mirte_navigation-0.0.0-py3.10.egg-info/entry_points.txt
/home/mirte/Spatial-AI-group-1/workspaces/mirte_ws/install/mirte_navigation/lib/python3.10/site-packages/mirte_navigation-0.0.0-py3.10.egg-info/requires.txt
/home/mirte/Spatial-AI-group-1/workspaces/mirte_ws/install/mirte_navigation/lib/mirte_navigation/CrabWalk
/home/mirte/Spatial-AI-group-1/workspaces/mirte_ws/install/mirte_navigation/lib/mirte_navigation/OrientationController
/home/mirte/Spatial-AI-group-1/workspaces/mirte_ws/install/mirte_navigation/lib/mirte_navigation/WhiteBoardTracker
