[4.632s] DEBUG:colcon:Command line arguments: ['/usr/bin/colcon', 'build']
[4.633s] DEBUG:colcon:Parsed command line arguments: Namespace(log_base=None, log_level=None, verb_name='build', build_base='/home/mirte/Spatial-AI-group-1/workspaces/mirte_ws/build', install_base='/home/mirte/Spatial-AI-group-1/workspaces/mirte_ws/install', merge_install=False, symlink_install=False, test_result_base=None, continue_on_error=False, executor='parallel', parallel_workers=4, event_handlers=None, ignore_user_meta=False, metas=['./colcon.meta'], base_paths=['.'], packages_ignore=None, packages_ignore_regex=None, paths=None, packages_up_to=None, packages_up_to_regex=None, packages_above=None, packages_above_and_dependencies=None, packages_above_depth=None, packages_select_by_dep=None, packages_skip_by_dep=None, packages_skip_up_to=None, packages_select_build_failed=False, packages_skip_build_finished=False, packages_select_test_failures=False, packages_skip_test_passed=False, packages_select=None, packages_skip=None, packages_select_regex=None, packages_skip_regex=None, packages_start=None, packages_end=None, cmake_args=None, cmake_target=None, cmake_target_skip_unavailable=False, cmake_clean_cache=False, cmake_clean_first=False, cmake_force_configure=False, ament_cmake_args=None, catkin_cmake_args=None, catkin_skip_building_tests=False, mixin_files=None, mixin=None, verb_parser=<colcon_top_level_workspace.argument_parser.TopLevelWorkspaceArgumentDecorator object at 0xffff926ab2b0>, verb_extension=<colcon_core.verb.build.BuildVerb object at 0xffff926aabc0>, main=<bound method BuildVerb.main of <colcon_core.verb.build.BuildVerb object at 0xffff926aabc0>>, mixin_verb=('build',))
[7.056s] Level 1:colcon.colcon_core.package_discovery:discover_packages(colcon_meta) check parameters
[7.057s] Level 1:colcon.colcon_core.package_discovery:discover_packages(recursive) check parameters
[7.058s] Level 1:colcon.colcon_core.package_discovery:discover_packages(ignore) check parameters
[7.058s] Level 1:colcon.colcon_core.package_discovery:discover_packages(path) check parameters
[7.059s] Level 1:colcon.colcon_core.package_discovery:discover_packages(colcon_meta) discover
[7.059s] Level 1:colcon.colcon_core.package_discovery:discover_packages(recursive) discover
[7.060s] INFO:colcon.colcon_core.package_discovery:Crawling recursively for packages in '/home/mirte/Spatial-AI-group-1/workspaces/mirte_ws'
[7.060s] Level 1:colcon.colcon_core.package_identification:_identify(.) by extensions ['ignore', 'ignore_ament_install']
[7.061s] Level 1:colcon.colcon_core.package_identification:_identify(.) by extension 'ignore'
[7.062s] Level 1:colcon.colcon_core.package_identification:_identify(.) by extension 'ignore_ament_install'
[7.063s] Level 1:colcon.colcon_core.package_identification:_identify(.) by extensions ['colcon_pkg']
[7.063s] Level 1:colcon.colcon_core.package_identification:_identify(.) by extension 'colcon_pkg'
[7.063s] Level 1:colcon.colcon_core.package_identification:_identify(.) by extensions ['colcon_meta']
[7.064s] Level 1:colcon.colcon_core.package_identification:_identify(.) by extension 'colcon_meta'
[7.064s] Level 1:colcon.colcon_core.package_identification:_identify(.) by extensions ['ros']
[7.064s] Level 1:colcon.colcon_core.package_identification:_identify(.) by extension 'ros'
[7.066s] Level 1:colcon.colcon_core.package_identification:_identify(.) by extensions ['cmake', 'python']
[7.066s] Level 1:colcon.colcon_core.package_identification:_identify(.) by extension 'cmake'
[7.067s] Level 1:colcon.colcon_core.package_identification:_identify(.) by extension 'python'
[7.068s] Level 1:colcon.colcon_core.package_identification:_identify(.) by extensions ['python_setup_py']
[7.068s] Level 1:colcon.colcon_core.package_identification:_identify(.) by extension 'python_setup_py'
[7.069s] Level 1:colcon.colcon_core.package_identification:_identify(build) by extensions ['ignore', 'ignore_ament_install']
[7.070s] Level 1:colcon.colcon_core.package_identification:_identify(build) by extension 'ignore'
[7.071s] Level 1:colcon.colcon_core.package_identification:_identify(build) ignored
[7.073s] Level 1:colcon.colcon_core.package_identification:_identify(images) by extensions ['ignore', 'ignore_ament_install']
[7.075s] Level 1:colcon.colcon_core.package_identification:_identify(images) by extension 'ignore'
[7.076s] Level 1:colcon.colcon_core.package_identification:_identify(images) by extension 'ignore_ament_install'
[7.077s] Level 1:colcon.colcon_core.package_identification:_identify(images) by extensions ['colcon_pkg']
[7.077s] Level 1:colcon.colcon_core.package_identification:_identify(images) by extension 'colcon_pkg'
[7.078s] Level 1:colcon.colcon_core.package_identification:_identify(images) by extensions ['colcon_meta']
[7.078s] Level 1:colcon.colcon_core.package_identification:_identify(images) by extension 'colcon_meta'
[7.079s] Level 1:colcon.colcon_core.package_identification:_identify(images) by extensions ['ros']
[7.079s] Level 1:colcon.colcon_core.package_identification:_identify(images) by extension 'ros'
[7.080s] Level 1:colcon.colcon_core.package_identification:_identify(images) by extensions ['cmake', 'python']
[7.081s] Level 1:colcon.colcon_core.package_identification:_identify(images) by extension 'cmake'
[7.081s] Level 1:colcon.colcon_core.package_identification:_identify(images) by extension 'python'
[7.082s] Level 1:colcon.colcon_core.package_identification:_identify(images) by extensions ['python_setup_py']
[7.082s] Level 1:colcon.colcon_core.package_identification:_identify(images) by extension 'python_setup_py'
[7.083s] Level 1:colcon.colcon_core.package_identification:_identify(install) by extensions ['ignore', 'ignore_ament_install']
[7.084s] Level 1:colcon.colcon_core.package_identification:_identify(install) by extension 'ignore'
[7.084s] Level 1:colcon.colcon_core.package_identification:_identify(install) ignored
[7.085s] Level 1:colcon.colcon_core.package_identification:_identify(log) by extensions ['ignore', 'ignore_ament_install']
[7.086s] Level 1:colcon.colcon_core.package_identification:_identify(log) by extension 'ignore'
[7.087s] Level 1:colcon.colcon_core.package_identification:_identify(log) ignored
[7.088s] Level 1:colcon.colcon_core.package_identification:_identify(src) by extensions ['ignore', 'ignore_ament_install']
[7.088s] Level 1:colcon.colcon_core.package_identification:_identify(src) by extension 'ignore'
[7.089s] Level 1:colcon.colcon_core.package_identification:_identify(src) by extension 'ignore_ament_install'
[7.089s] Level 1:colcon.colcon_core.package_identification:_identify(src) by extensions ['colcon_pkg']
[7.090s] Level 1:colcon.colcon_core.package_identification:_identify(src) by extension 'colcon_pkg'
[7.090s] Level 1:colcon.colcon_core.package_identification:_identify(src) by extensions ['colcon_meta']
[7.091s] Level 1:colcon.colcon_core.package_identification:_identify(src) by extension 'colcon_meta'
[7.091s] Level 1:colcon.colcon_core.package_identification:_identify(src) by extensions ['ros']
[7.091s] Level 1:colcon.colcon_core.package_identification:_identify(src) by extension 'ros'
[7.092s] Level 1:colcon.colcon_core.package_identification:_identify(src) by extensions ['cmake', 'python']
[7.092s] Level 1:colcon.colcon_core.package_identification:_identify(src) by extension 'cmake'
[7.093s] Level 1:colcon.colcon_core.package_identification:_identify(src) by extension 'python'
[7.093s] Level 1:colcon.colcon_core.package_identification:_identify(src) by extensions ['python_setup_py']
[7.094s] Level 1:colcon.colcon_core.package_identification:_identify(src) by extension 'python_setup_py'
[7.094s] Level 1:colcon.colcon_core.package_identification:_identify(src/gazebo_grasp_fix) by extensions ['ignore', 'ignore_ament_install']
[7.095s] Level 1:colcon.colcon_core.package_identification:_identify(src/gazebo_grasp_fix) by extension 'ignore'
[7.096s] Level 1:colcon.colcon_core.package_identification:_identify(src/gazebo_grasp_fix) by extension 'ignore_ament_install'
[7.096s] Level 1:colcon.colcon_core.package_identification:_identify(src/gazebo_grasp_fix) by extensions ['colcon_pkg']
[7.097s] Level 1:colcon.colcon_core.package_identification:_identify(src/gazebo_grasp_fix) by extension 'colcon_pkg'
[7.097s] Level 1:colcon.colcon_core.package_identification:_identify(src/gazebo_grasp_fix) by extensions ['colcon_meta']
[7.097s] Level 1:colcon.colcon_core.package_identification:_identify(src/gazebo_grasp_fix) by extension 'colcon_meta'
[7.098s] Level 1:colcon.colcon_core.package_identification:_identify(src/gazebo_grasp_fix) by extensions ['ros']
[7.098s] Level 1:colcon.colcon_core.package_identification:_identify(src/gazebo_grasp_fix) by extension 'ros'
[7.099s] Level 1:colcon.colcon_core.package_identification:_identify(src/gazebo_grasp_fix) by extensions ['cmake', 'python']
[7.099s] Level 1:colcon.colcon_core.package_identification:_identify(src/gazebo_grasp_fix) by extension 'cmake'
[7.100s] Level 1:colcon.colcon_core.package_identification:_identify(src/gazebo_grasp_fix) by extension 'python'
[7.100s] Level 1:colcon.colcon_core.package_identification:_identify(src/gazebo_grasp_fix) by extensions ['python_setup_py']
[7.101s] Level 1:colcon.colcon_core.package_identification:_identify(src/gazebo_grasp_fix) by extension 'python_setup_py'
[7.102s] Level 1:colcon.colcon_core.package_identification:_identify(src/mirte-gazebo) by extensions ['ignore', 'ignore_ament_install']
[7.103s] Level 1:colcon.colcon_core.package_identification:_identify(src/mirte-gazebo) by extension 'ignore'
[7.103s] Level 1:colcon.colcon_core.package_identification:_identify(src/mirte-gazebo) by extension 'ignore_ament_install'
[7.104s] Level 1:colcon.colcon_core.package_identification:_identify(src/mirte-gazebo) by extensions ['colcon_pkg']
[7.104s] Level 1:colcon.colcon_core.package_identification:_identify(src/mirte-gazebo) by extension 'colcon_pkg'
[7.105s] Level 1:colcon.colcon_core.package_identification:_identify(src/mirte-gazebo) by extensions ['colcon_meta']
[7.105s] Level 1:colcon.colcon_core.package_identification:_identify(src/mirte-gazebo) by extension 'colcon_meta'
[7.106s] Level 1:colcon.colcon_core.package_identification:_identify(src/mirte-gazebo) by extensions ['ros']
[7.107s] Level 1:colcon.colcon_core.package_identification:_identify(src/mirte-gazebo) by extension 'ros'
[7.108s] Level 1:colcon.colcon_core.package_identification:_identify(src/mirte-gazebo) by extensions ['cmake', 'python']
[7.108s] Level 1:colcon.colcon_core.package_identification:_identify(src/mirte-gazebo) by extension 'cmake'
[7.108s] Level 1:colcon.colcon_core.package_identification:_identify(src/mirte-gazebo) by extension 'python'
[7.109s] Level 1:colcon.colcon_core.package_identification:_identify(src/mirte-gazebo) by extensions ['python_setup_py']
[7.109s] Level 1:colcon.colcon_core.package_identification:_identify(src/mirte-gazebo) by extension 'python_setup_py'
[7.110s] Level 1:colcon.colcon_core.package_identification:_identify(src/mirte-ros-packages) by extensions ['ignore', 'ignore_ament_install']
[7.110s] Level 1:colcon.colcon_core.package_identification:_identify(src/mirte-ros-packages) by extension 'ignore'
[7.111s] Level 1:colcon.colcon_core.package_identification:_identify(src/mirte-ros-packages) by extension 'ignore_ament_install'
[7.111s] Level 1:colcon.colcon_core.package_identification:_identify(src/mirte-ros-packages) by extensions ['colcon_pkg']
[7.112s] Level 1:colcon.colcon_core.package_identification:_identify(src/mirte-ros-packages) by extension 'colcon_pkg'
[7.112s] Level 1:colcon.colcon_core.package_identification:_identify(src/mirte-ros-packages) by extensions ['colcon_meta']
[7.112s] Level 1:colcon.colcon_core.package_identification:_identify(src/mirte-ros-packages) by extension 'colcon_meta'
[7.113s] Level 1:colcon.colcon_core.package_identification:_identify(src/mirte-ros-packages) by extensions ['ros']
[7.113s] Level 1:colcon.colcon_core.package_identification:_identify(src/mirte-ros-packages) by extension 'ros'
[7.113s] Level 1:colcon.colcon_core.package_identification:_identify(src/mirte-ros-packages) by extensions ['cmake', 'python']
[7.114s] Level 1:colcon.colcon_core.package_identification:_identify(src/mirte-ros-packages) by extension 'cmake'
[7.114s] Level 1:colcon.colcon_core.package_identification:_identify(src/mirte-ros-packages) by extension 'python'
[7.115s] Level 1:colcon.colcon_core.package_identification:_identify(src/mirte-ros-packages) by extensions ['python_setup_py']
[7.115s] Level 1:colcon.colcon_core.package_identification:_identify(src/mirte-ros-packages) by extension 'python_setup_py'
[7.115s] Level 1:colcon.colcon_core.package_identification:_identify(src/mirte_drawing) by extensions ['ignore', 'ignore_ament_install']
[7.116s] Level 1:colcon.colcon_core.package_identification:_identify(src/mirte_drawing) by extension 'ignore'
[7.117s] Level 1:colcon.colcon_core.package_identification:_identify(src/mirte_drawing) by extension 'ignore_ament_install'
[7.117s] Level 1:colcon.colcon_core.package_identification:_identify(src/mirte_drawing) by extensions ['colcon_pkg']
[7.118s] Level 1:colcon.colcon_core.package_identification:_identify(src/mirte_drawing) by extension 'colcon_pkg'
[7.118s] Level 1:colcon.colcon_core.package_identification:_identify(src/mirte_drawing) by extensions ['colcon_meta']
[7.118s] Level 1:colcon.colcon_core.package_identification:_identify(src/mirte_drawing) by extension 'colcon_meta'
[7.119s] Level 1:colcon.colcon_core.package_identification:_identify(src/mirte_drawing) by extensions ['ros']
[7.119s] Level 1:colcon.colcon_core.package_identification:_identify(src/mirte_drawing) by extension 'ros'
[7.139s] DEBUG:colcon.colcon_core.package_identification:Package 'src/mirte_drawing' with type 'ros.ament_python' and name 'mirte_drawing'
[7.140s] Level 1:colcon.colcon_core.package_identification:_identify(src/mirte_navigation) by extensions ['ignore', 'ignore_ament_install']
[7.141s] Level 1:colcon.colcon_core.package_identification:_identify(src/mirte_navigation) by extension 'ignore'
[7.141s] Level 1:colcon.colcon_core.package_identification:_identify(src/mirte_navigation) by extension 'ignore_ament_install'
[7.142s] Level 1:colcon.colcon_core.package_identification:_identify(src/mirte_navigation) by extensions ['colcon_pkg']
[7.142s] Level 1:colcon.colcon_core.package_identification:_identify(src/mirte_navigation) by extension 'colcon_pkg'
[7.143s] Level 1:colcon.colcon_core.package_identification:_identify(src/mirte_navigation) by extensions ['colcon_meta']
[7.143s] Level 1:colcon.colcon_core.package_identification:_identify(src/mirte_navigation) by extension 'colcon_meta'
[7.143s] Level 1:colcon.colcon_core.package_identification:_identify(src/mirte_navigation) by extensions ['ros']
[7.144s] Level 1:colcon.colcon_core.package_identification:_identify(src/mirte_navigation) by extension 'ros'
[7.148s] DEBUG:colcon.colcon_core.package_identification:Package 'src/mirte_navigation' with type 'ros.ament_python' and name 'mirte_navigation'
[7.149s] Level 1:colcon.colcon_core.package_identification:_identify(src/mirte_perception) by extensions ['ignore', 'ignore_ament_install']
[7.150s] Level 1:colcon.colcon_core.package_identification:_identify(src/mirte_perception) by extension 'ignore'
[7.151s] Level 1:colcon.colcon_core.package_identification:_identify(src/mirte_perception) by extension 'ignore_ament_install'
[7.151s] Level 1:colcon.colcon_core.package_identification:_identify(src/mirte_perception) by extensions ['colcon_pkg']
[7.152s] Level 1:colcon.colcon_core.package_identification:_identify(src/mirte_perception) by extension 'colcon_pkg'
[7.152s] Level 1:colcon.colcon_core.package_identification:_identify(src/mirte_perception) by extensions ['colcon_meta']
[7.152s] Level 1:colcon.colcon_core.package_identification:_identify(src/mirte_perception) by extension 'colcon_meta'
[7.153s] Level 1:colcon.colcon_core.package_identification:_identify(src/mirte_perception) by extensions ['ros']
[7.153s] Level 1:colcon.colcon_core.package_identification:_identify(src/mirte_perception) by extension 'ros'
[7.157s] DEBUG:colcon.colcon_core.package_identification:Package 'src/mirte_perception' with type 'ros.ament_python' and name 'mirte_perception'
[7.158s] Level 1:colcon.colcon_core.package_identification:_identify(src/mirte_statemachine) by extensions ['ignore', 'ignore_ament_install']
[7.159s] Level 1:colcon.colcon_core.package_identification:_identify(src/mirte_statemachine) by extension 'ignore'
[7.159s] Level 1:colcon.colcon_core.package_identification:_identify(src/mirte_statemachine) by extension 'ignore_ament_install'
[7.160s] Level 1:colcon.colcon_core.package_identification:_identify(src/mirte_statemachine) by extensions ['colcon_pkg']
[7.160s] Level 1:colcon.colcon_core.package_identification:_identify(src/mirte_statemachine) by extension 'colcon_pkg'
[7.161s] Level 1:colcon.colcon_core.package_identification:_identify(src/mirte_statemachine) by extensions ['colcon_meta']
[7.161s] Level 1:colcon.colcon_core.package_identification:_identify(src/mirte_statemachine) by extension 'colcon_meta'
[7.161s] Level 1:colcon.colcon_core.package_identification:_identify(src/mirte_statemachine) by extensions ['ros']
[7.161s] Level 1:colcon.colcon_core.package_identification:_identify(src/mirte_statemachine) by extension 'ros'
[7.166s] DEBUG:colcon.colcon_core.package_identification:Package 'src/mirte_statemachine' with type 'ros.ament_python' and name 'mirte_statemachine'
[7.166s] Level 1:colcon.colcon_core.package_discovery:discover_packages(recursive) using defaults
[7.167s] Level 1:colcon.colcon_core.package_discovery:discover_packages(ignore) discover
[7.167s] Level 1:colcon.colcon_core.package_discovery:discover_packages(ignore) using defaults
[7.167s] Level 1:colcon.colcon_core.package_discovery:discover_packages(path) discover
[7.167s] Level 1:colcon.colcon_core.package_discovery:discover_packages(path) using defaults
[7.345s] Level 5:colcon.colcon_core.verb:set package 'mirte_drawing' build argument 'cmake_args' from command line to 'None'
[7.346s] Level 5:colcon.colcon_core.verb:set package 'mirte_drawing' build argument 'cmake_target' from command line to 'None'
[7.346s] Level 5:colcon.colcon_core.verb:set package 'mirte_drawing' build argument 'cmake_target_skip_unavailable' from command line to 'False'
[7.347s] Level 5:colcon.colcon_core.verb:set package 'mirte_drawing' build argument 'cmake_clean_cache' from command line to 'False'
[7.347s] Level 5:colcon.colcon_core.verb:set package 'mirte_drawing' build argument 'cmake_clean_first' from command line to 'False'
[7.348s] Level 5:colcon.colcon_core.verb:set package 'mirte_drawing' build argument 'cmake_force_configure' from command line to 'False'
[7.348s] Level 5:colcon.colcon_core.verb:set package 'mirte_drawing' build argument 'ament_cmake_args' from command line to 'None'
[7.348s] Level 5:colcon.colcon_core.verb:set package 'mirte_drawing' build argument 'catkin_cmake_args' from command line to 'None'
[7.349s] Level 5:colcon.colcon_core.verb:set package 'mirte_drawing' build argument 'catkin_skip_building_tests' from command line to 'False'
[7.349s] DEBUG:colcon.colcon_core.verb:Building package 'mirte_drawing' with the following arguments: {'ament_cmake_args': None, 'build_base': '/home/mirte/Spatial-AI-group-1/workspaces/mirte_ws/build/mirte_drawing', 'catkin_cmake_args': None, 'catkin_skip_building_tests': False, 'cmake_args': None, 'cmake_clean_cache': False, 'cmake_clean_first': False, 'cmake_force_configure': False, 'cmake_target': None, 'cmake_target_skip_unavailable': False, 'install_base': '/home/mirte/Spatial-AI-group-1/workspaces/mirte_ws/install/mirte_drawing', 'merge_install': False, 'path': '/home/mirte/Spatial-AI-group-1/workspaces/mirte_ws/src/mirte_drawing', 'symlink_install': False, 'test_result_base': None}
[7.354s] Level 5:colcon.colcon_core.verb:set package 'mirte_navigation' build argument 'cmake_args' from command line to 'None'
[7.355s] Level 5:colcon.colcon_core.verb:set package 'mirte_navigation' build argument 'cmake_target' from command line to 'None'
[7.355s] Level 5:colcon.colcon_core.verb:set package 'mirte_navigation' build argument 'cmake_target_skip_unavailable' from command line to 'False'
[7.355s] Level 5:colcon.colcon_core.verb:set package 'mirte_navigation' build argument 'cmake_clean_cache' from command line to 'False'
[7.356s] Level 5:colcon.colcon_core.verb:set package 'mirte_navigation' build argument 'cmake_clean_first' from command line to 'False'
[7.356s] Level 5:colcon.colcon_core.verb:set package 'mirte_navigation' build argument 'cmake_force_configure' from command line to 'False'
[7.356s] Level 5:colcon.colcon_core.verb:set package 'mirte_navigation' build argument 'ament_cmake_args' from command line to 'None'
[7.357s] Level 5:colcon.colcon_core.verb:set package 'mirte_navigation' build argument 'catkin_cmake_args' from command line to 'None'
[7.357s] Level 5:colcon.colcon_core.verb:set package 'mirte_navigation' build argument 'catkin_skip_building_tests' from command line to 'False'
[7.357s] DEBUG:colcon.colcon_core.verb:Building package 'mirte_navigation' with the following arguments: {'ament_cmake_args': None, 'build_base': '/home/mirte/Spatial-AI-group-1/workspaces/mirte_ws/build/mirte_navigation', 'catkin_cmake_args': None, 'catkin_skip_building_tests': False, 'cmake_args': None, 'cmake_clean_cache': False, 'cmake_clean_first': False, 'cmake_force_configure': False, 'cmake_target': None, 'cmake_target_skip_unavailable': False, 'install_base': '/home/mirte/Spatial-AI-group-1/workspaces/mirte_ws/install/mirte_navigation', 'merge_install': False, 'path': '/home/mirte/Spatial-AI-group-1/workspaces/mirte_ws/src/mirte_navigation', 'symlink_install': False, 'test_result_base': None}
[7.362s] Level 5:colcon.colcon_core.verb:set package 'mirte_perception' build argument 'cmake_args' from command line to 'None'
[7.363s] Level 5:colcon.colcon_core.verb:set package 'mirte_perception' build argument 'cmake_target' from command line to 'None'
[7.363s] Level 5:colcon.colcon_core.verb:set package 'mirte_perception' build argument 'cmake_target_skip_unavailable' from command line to 'False'
[7.363s] Level 5:colcon.colcon_core.verb:set package 'mirte_perception' build argument 'cmake_clean_cache' from command line to 'False'
[7.363s] Level 5:colcon.colcon_core.verb:set package 'mirte_perception' build argument 'cmake_clean_first' from command line to 'False'
[7.364s] Level 5:colcon.colcon_core.verb:set package 'mirte_perception' build argument 'cmake_force_configure' from command line to 'False'
[7.364s] Level 5:colcon.colcon_core.verb:set package 'mirte_perception' build argument 'ament_cmake_args' from command line to 'None'
[7.364s] Level 5:colcon.colcon_core.verb:set package 'mirte_perception' build argument 'catkin_cmake_args' from command line to 'None'
[7.365s] Level 5:colcon.colcon_core.verb:set package 'mirte_perception' build argument 'catkin_skip_building_tests' from command line to 'False'
[7.365s] DEBUG:colcon.colcon_core.verb:Building package 'mirte_perception' with the following arguments: {'ament_cmake_args': None, 'build_base': '/home/mirte/Spatial-AI-group-1/workspaces/mirte_ws/build/mirte_perception', 'catkin_cmake_args': None, 'catkin_skip_building_tests': False, 'cmake_args': None, 'cmake_clean_cache': False, 'cmake_clean_first': False, 'cmake_force_configure': False, 'cmake_target': None, 'cmake_target_skip_unavailable': False, 'install_base': '/home/mirte/Spatial-AI-group-1/workspaces/mirte_ws/install/mirte_perception', 'merge_install': False, 'path': '/home/mirte/Spatial-AI-group-1/workspaces/mirte_ws/src/mirte_perception', 'symlink_install': False, 'test_result_base': None}
[7.370s] Level 5:colcon.colcon_core.verb:set package 'mirte_statemachine' build argument 'cmake_args' from command line to 'None'
[7.371s] Level 5:colcon.colcon_core.verb:set package 'mirte_statemachine' build argument 'cmake_target' from command line to 'None'
[7.371s] Level 5:colcon.colcon_core.verb:set package 'mirte_statemachine' build argument 'cmake_target_skip_unavailable' from command line to 'False'
[7.371s] Level 5:colcon.colcon_core.verb:set package 'mirte_statemachine' build argument 'cmake_clean_cache' from command line to 'False'
[7.372s] Level 5:colcon.colcon_core.verb:set package 'mirte_statemachine' build argument 'cmake_clean_first' from command line to 'False'
[7.372s] Level 5:colcon.colcon_core.verb:set package 'mirte_statemachine' build argument 'cmake_force_configure' from command line to 'False'
[7.372s] Level 5:colcon.colcon_core.verb:set package 'mirte_statemachine' build argument 'ament_cmake_args' from command line to 'None'
[7.373s] Level 5:colcon.colcon_core.verb:set package 'mirte_statemachine' build argument 'catkin_cmake_args' from command line to 'None'
[7.373s] Level 5:colcon.colcon_core.verb:set package 'mirte_statemachine' build argument 'catkin_skip_building_tests' from command line to 'False'
[7.373s] DEBUG:colcon.colcon_core.verb:Building package 'mirte_statemachine' with the following arguments: {'ament_cmake_args': None, 'build_base': '/home/mirte/Spatial-AI-group-1/workspaces/mirte_ws/build/mirte_statemachine', 'catkin_cmake_args': None, 'catkin_skip_building_tests': False, 'cmake_args': None, 'cmake_clean_cache': False, 'cmake_clean_first': False, 'cmake_force_configure': False, 'cmake_target': None, 'cmake_target_skip_unavailable': False, 'install_base': '/home/mirte/Spatial-AI-group-1/workspaces/mirte_ws/install/mirte_statemachine', 'merge_install': False, 'path': '/home/mirte/Spatial-AI-group-1/workspaces/mirte_ws/src/mirte_statemachine', 'symlink_install': False, 'test_result_base': None}
[7.375s] INFO:colcon.colcon_core.executor:Executing jobs using 'parallel' executor
[7.390s] Level 1:colcon.colcon_core.shell:create_environment_hook('mirte_drawing', 'ament_prefix_path')
[7.426s] INFO:colcon.colcon_core.plugin_system:Skipping extension 'colcon_core.shell.bat': Not used on non-Windows systems
[7.428s] INFO:colcon.colcon_core.shell:Creating environment hook '/home/mirte/Spatial-AI-group-1/workspaces/mirte_ws/install/mirte_drawing/share/mirte_drawing/hook/ament_prefix_path.ps1'
[7.435s] INFO:colcon.colcon_core.shell:Creating environment descriptor '/home/mirte/Spatial-AI-group-1/workspaces/mirte_ws/install/mirte_drawing/share/mirte_drawing/hook/ament_prefix_path.dsv'
[7.440s] INFO:colcon.colcon_core.shell:Creating environment hook '/home/mirte/Spatial-AI-group-1/workspaces/mirte_ws/install/mirte_drawing/share/mirte_drawing/hook/ament_prefix_path.sh'
[7.448s] INFO:colcon.colcon_core.shell:Skip shell extension 'powershell' for command environment: Not usable outside of PowerShell
[7.449s] DEBUG:colcon.colcon_core.shell:Skip shell extension 'dsv' for command environment
[7.523s] Level 1:colcon.colcon_core.shell:create_environment_hook('mirte_navigation', 'ament_prefix_path')
[7.529s] INFO:colcon.colcon_core.shell:Creating environment hook '/home/mirte/Spatial-AI-group-1/workspaces/mirte_ws/install/mirte_navigation/share/mirte_navigation/hook/ament_prefix_path.ps1'
[7.535s] INFO:colcon.colcon_core.shell:Creating environment descriptor '/home/mirte/Spatial-AI-group-1/workspaces/mirte_ws/install/mirte_navigation/share/mirte_navigation/hook/ament_prefix_path.dsv'
[7.539s] INFO:colcon.colcon_core.shell:Creating environment hook '/home/mirte/Spatial-AI-group-1/workspaces/mirte_ws/install/mirte_navigation/share/mirte_navigation/hook/ament_prefix_path.sh'
[7.544s] INFO:colcon.colcon_core.shell:Skip shell extension 'powershell' for command environment: Not usable outside of PowerShell
[7.545s] DEBUG:colcon.colcon_core.shell:Skip shell extension 'dsv' for command environment
[7.595s] Level 1:colcon.colcon_core.shell:create_environment_hook('mirte_perception', 'ament_prefix_path')
[7.598s] INFO:colcon.colcon_core.shell:Creating environment hook '/home/mirte/Spatial-AI-group-1/workspaces/mirte_ws/install/mirte_perception/share/mirte_perception/hook/ament_prefix_path.ps1'
[7.605s] INFO:colcon.colcon_core.shell:Creating environment descriptor '/home/mirte/Spatial-AI-group-1/workspaces/mirte_ws/install/mirte_perception/share/mirte_perception/hook/ament_prefix_path.dsv'
[7.610s] INFO:colcon.colcon_core.shell:Creating environment hook '/home/mirte/Spatial-AI-group-1/workspaces/mirte_ws/install/mirte_perception/share/mirte_perception/hook/ament_prefix_path.sh'
[7.617s] INFO:colcon.colcon_core.shell:Skip shell extension 'powershell' for command environment: Not usable outside of PowerShell
[7.617s] DEBUG:colcon.colcon_core.shell:Skip shell extension 'dsv' for command environment
[7.664s] Level 1:colcon.colcon_core.shell:create_environment_hook('mirte_statemachine', 'ament_prefix_path')
[7.668s] INFO:colcon.colcon_core.shell:Creating environment hook '/home/mirte/Spatial-AI-group-1/workspaces/mirte_ws/install/mirte_statemachine/share/mirte_statemachine/hook/ament_prefix_path.ps1'
[7.675s] INFO:colcon.colcon_core.shell:Creating environment descriptor '/home/mirte/Spatial-AI-group-1/workspaces/mirte_ws/install/mirte_statemachine/share/mirte_statemachine/hook/ament_prefix_path.dsv'
[7.679s] INFO:colcon.colcon_core.shell:Creating environment hook '/home/mirte/Spatial-AI-group-1/workspaces/mirte_ws/install/mirte_statemachine/share/mirte_statemachine/hook/ament_prefix_path.sh'
[7.688s] INFO:colcon.colcon_core.shell:Skip shell extension 'powershell' for command environment: Not usable outside of PowerShell
[7.688s] DEBUG:colcon.colcon_core.shell:Skip shell extension 'dsv' for command environment
[10.965s] INFO:colcon.colcon_core.shell:Skip shell extension 'powershell' for command environment: Not usable outside of PowerShell
[10.966s] DEBUG:colcon.colcon_core.shell:Skip shell extension 'dsv' for command environment
[14.236s] INFO:colcon.colcon_core.shell:Skip shell extension 'powershell' for command environment: Not usable outside of PowerShell
[14.237s] DEBUG:colcon.colcon_core.shell:Skip shell extension 'dsv' for command environment
[17.466s] INFO:colcon.colcon_core.shell:Skip shell extension 'powershell' for command environment: Not usable outside of PowerShell
[17.468s] DEBUG:colcon.colcon_core.shell:Skip shell extension 'dsv' for command environment
[20.682s] INFO:colcon.colcon_core.shell:Skip shell extension 'powershell' for command environment: Not usable outside of PowerShell
[20.683s] DEBUG:colcon.colcon_core.shell:Skip shell extension 'dsv' for command environment
[39.821s] Level 1:colcon.colcon_core.shell:create_environment_hook('mirte_drawing', 'pythonpath')
[39.835s] INFO:colcon.colcon_core.shell:Creating environment hook '/home/mirte/Spatial-AI-group-1/workspaces/mirte_ws/install/mirte_drawing/share/mirte_drawing/hook/pythonpath.ps1'
[39.842s] INFO:colcon.colcon_core.shell:Creating environment descriptor '/home/mirte/Spatial-AI-group-1/workspaces/mirte_ws/install/mirte_drawing/share/mirte_drawing/hook/pythonpath.dsv'
[39.855s] INFO:colcon.colcon_core.shell:Creating environment hook '/home/mirte/Spatial-AI-group-1/workspaces/mirte_ws/install/mirte_drawing/share/mirte_drawing/hook/pythonpath.sh'
[39.913s] INFO:colcon.colcon_core.shell:Creating package script '/home/mirte/Spatial-AI-group-1/workspaces/mirte_ws/install/mirte_drawing/share/mirte_drawing/package.ps1'
[39.934s] INFO:colcon.colcon_core.shell:Creating package descriptor '/home/mirte/Spatial-AI-group-1/workspaces/mirte_ws/install/mirte_drawing/share/mirte_drawing/package.dsv'
[39.944s] INFO:colcon.colcon_core.shell:Creating package script '/home/mirte/Spatial-AI-group-1/workspaces/mirte_ws/install/mirte_drawing/share/mirte_drawing/package.sh'
[39.958s] INFO:colcon.colcon_core.shell:Creating package script '/home/mirte/Spatial-AI-group-1/workspaces/mirte_ws/install/mirte_drawing/share/mirte_drawing/package.bash'
[39.978s] INFO:colcon.colcon_core.shell:Creating package script '/home/mirte/Spatial-AI-group-1/workspaces/mirte_ws/install/mirte_drawing/share/mirte_drawing/package.zsh'
[40.608s] Level 1:colcon.colcon_core.shell:create_environment_hook('mirte_perception', 'pythonpath')
[40.611s] INFO:colcon.colcon_core.shell:Creating environment hook '/home/mirte/Spatial-AI-group-1/workspaces/mirte_ws/install/mirte_perception/share/mirte_perception/hook/pythonpath.ps1'
[40.616s] INFO:colcon.colcon_core.shell:Creating environment descriptor '/home/mirte/Spatial-AI-group-1/workspaces/mirte_ws/install/mirte_perception/share/mirte_perception/hook/pythonpath.dsv'
[40.624s] INFO:colcon.colcon_core.shell:Creating environment hook '/home/mirte/Spatial-AI-group-1/workspaces/mirte_ws/install/mirte_perception/share/mirte_perception/hook/pythonpath.sh'
[40.654s] INFO:colcon.colcon_core.shell:Creating package script '/home/mirte/Spatial-AI-group-1/workspaces/mirte_ws/install/mirte_perception/share/mirte_perception/package.ps1'
[40.666s] INFO:colcon.colcon_core.shell:Creating package descriptor '/home/mirte/Spatial-AI-group-1/workspaces/mirte_ws/install/mirte_perception/share/mirte_perception/package.dsv'
[40.678s] INFO:colcon.colcon_core.shell:Creating package script '/home/mirte/Spatial-AI-group-1/workspaces/mirte_ws/install/mirte_perception/share/mirte_perception/package.sh'
[40.688s] INFO:colcon.colcon_core.shell:Creating package script '/home/mirte/Spatial-AI-group-1/workspaces/mirte_ws/install/mirte_perception/share/mirte_perception/package.bash'
[40.694s] INFO:colcon.colcon_core.shell:Creating package script '/home/mirte/Spatial-AI-group-1/workspaces/mirte_ws/install/mirte_perception/share/mirte_perception/package.zsh'
[41.734s] Level 1:colcon.colcon_core.shell:create_environment_hook('mirte_navigation', 'pythonpath')
[41.737s] INFO:colcon.colcon_core.shell:Creating environment hook '/home/mirte/Spatial-AI-group-1/workspaces/mirte_ws/install/mirte_navigation/share/mirte_navigation/hook/pythonpath.ps1'
[41.743s] INFO:colcon.colcon_core.shell:Creating environment descriptor '/home/mirte/Spatial-AI-group-1/workspaces/mirte_ws/install/mirte_navigation/share/mirte_navigation/hook/pythonpath.dsv'
[41.747s] INFO:colcon.colcon_core.shell:Creating environment hook '/home/mirte/Spatial-AI-group-1/workspaces/mirte_ws/install/mirte_navigation/share/mirte_navigation/hook/pythonpath.sh'
[41.760s] INFO:colcon.colcon_core.shell:Creating package script '/home/mirte/Spatial-AI-group-1/workspaces/mirte_ws/install/mirte_navigation/share/mirte_navigation/package.ps1'
[41.769s] INFO:colcon.colcon_core.shell:Creating package descriptor '/home/mirte/Spatial-AI-group-1/workspaces/mirte_ws/install/mirte_navigation/share/mirte_navigation/package.dsv'
[41.775s] INFO:colcon.colcon_core.shell:Creating package script '/home/mirte/Spatial-AI-group-1/workspaces/mirte_ws/install/mirte_navigation/share/mirte_navigation/package.sh'
[41.780s] INFO:colcon.colcon_core.shell:Creating package script '/home/mirte/Spatial-AI-group-1/workspaces/mirte_ws/install/mirte_navigation/share/mirte_navigation/package.bash'
[41.784s] INFO:colcon.colcon_core.shell:Creating package script '/home/mirte/Spatial-AI-group-1/workspaces/mirte_ws/install/mirte_navigation/share/mirte_navigation/package.zsh'
[41.820s] Level 1:colcon.colcon_core.shell:create_environment_hook('mirte_statemachine', 'pythonpath')
[41.823s] INFO:colcon.colcon_core.shell:Creating environment hook '/home/mirte/Spatial-AI-group-1/workspaces/mirte_ws/install/mirte_statemachine/share/mirte_statemachine/hook/pythonpath.ps1'
[41.828s] INFO:colcon.colcon_core.shell:Creating environment descriptor '/home/mirte/Spatial-AI-group-1/workspaces/mirte_ws/install/mirte_statemachine/share/mirte_statemachine/hook/pythonpath.dsv'
[41.832s] INFO:colcon.colcon_core.shell:Creating environment hook '/home/mirte/Spatial-AI-group-1/workspaces/mirte_ws/install/mirte_statemachine/share/mirte_statemachine/hook/pythonpath.sh'
[41.845s] INFO:colcon.colcon_core.shell:Creating package script '/home/mirte/Spatial-AI-group-1/workspaces/mirte_ws/install/mirte_statemachine/share/mirte_statemachine/package.ps1'
[41.854s] INFO:colcon.colcon_core.shell:Creating package descriptor '/home/mirte/Spatial-AI-group-1/workspaces/mirte_ws/install/mirte_statemachine/share/mirte_statemachine/package.dsv'
[41.859s] INFO:colcon.colcon_core.shell:Creating package script '/home/mirte/Spatial-AI-group-1/workspaces/mirte_ws/install/mirte_statemachine/share/mirte_statemachine/package.sh'
[41.864s] INFO:colcon.colcon_core.shell:Creating package script '/home/mirte/Spatial-AI-group-1/workspaces/mirte_ws/install/mirte_statemachine/share/mirte_statemachine/package.bash'
[41.869s] INFO:colcon.colcon_core.shell:Creating package script '/home/mirte/Spatial-AI-group-1/workspaces/mirte_ws/install/mirte_statemachine/share/mirte_statemachine/package.zsh'
[41.882s] DEBUG:colcon.colcon_core.event_reactor:joining thread
[41.963s] INFO:colcon.colcon_core.plugin_system:Skipping extension 'colcon_notification.desktop_notification.notify_send': Could not find 'notify-send'
[41.964s] INFO:colcon.colcon_core.plugin_system:Skipping extension 'colcon_notification.desktop_notification.terminal_notifier': Not used on non-Darwin systems
[41.965s] INFO:colcon.colcon_core.plugin_system:Skipping extension 'colcon_notification.desktop_notification.win32': Not used on non-Windows systems
[41.968s] DEBUG:colcon.colcon_core.event_reactor:joined thread
[41.971s] INFO:colcon.colcon_core.shell:Creating prefix script '/home/mirte/Spatial-AI-group-1/workspaces/mirte_ws/install/local_setup.ps1'
[41.984s] INFO:colcon.colcon_core.shell:Creating prefix util module '/home/mirte/Spatial-AI-group-1/workspaces/mirte_ws/install/_local_setup_util_ps1.py'
[42.001s] INFO:colcon.colcon_core.shell:Creating prefix chain script '/home/mirte/Spatial-AI-group-1/workspaces/mirte_ws/install/setup.ps1'
[42.023s] INFO:colcon.colcon_core.shell:Creating prefix script '/home/mirte/Spatial-AI-group-1/workspaces/mirte_ws/install/local_setup.sh'
[42.031s] INFO:colcon.colcon_core.shell:Creating prefix util module '/home/mirte/Spatial-AI-group-1/workspaces/mirte_ws/install/_local_setup_util_sh.py'
[42.038s] INFO:colcon.colcon_core.shell:Creating prefix chain script '/home/mirte/Spatial-AI-group-1/workspaces/mirte_ws/install/setup.sh'
[42.061s] INFO:colcon.colcon_core.shell:Creating prefix script '/home/mirte/Spatial-AI-group-1/workspaces/mirte_ws/install/local_setup.bash'
[42.070s] INFO:colcon.colcon_core.shell:Creating prefix chain script '/home/mirte/Spatial-AI-group-1/workspaces/mirte_ws/install/setup.bash'
[42.089s] INFO:colcon.colcon_core.shell:Creating prefix script '/home/mirte/Spatial-AI-group-1/workspaces/mirte_ws/install/local_setup.zsh'
[42.095s] INFO:colcon.colcon_core.shell:Creating prefix chain script '/home/mirte/Spatial-AI-group-1/workspaces/mirte_ws/install/setup.zsh'
